C:\Program Files (x86)\MSBuild\Microsoft.Cpp\v4.0\V140\Microsoft.CppBuild.targets(392,5): warning MSB8028: The intermediate directory (x64\Debug\) contains files shared from another project (Vehicle Tracking.vcxproj, VideoStab.vcxproj).  This can lead to incorrect clean and rebuild behavior.
  Source.cpp
e:\3-24-2017\vehicle tracking w-intersection\vehicle tracking\source.cpp(214): warning C4244: 'argument': conversion from 'double' to 'int', possible loss of data
e:\3-24-2017\vehicle tracking w-intersection\vehicle tracking\source.cpp(217): warning C4244: 'argument': conversion from 'double' to 'int', possible loss of data
e:\3-24-2017\vehicle tracking w-intersection\vehicle tracking\source.cpp(551): warning C4244: '=': conversion from 'double' to 'int', possible loss of data
e:\3-24-2017\vehicle tracking w-intersection\vehicle tracking\source.cpp(579): warning C4244: 'argument': conversion from 'float' to 'int', possible loss of data
e:\3-24-2017\vehicle tracking w-intersection\vehicle tracking\source.cpp(580): warning C4244: 'argument': conversion from 'float' to 'int', possible loss of data
e:\3-24-2017\vehicle tracking w-intersection\vehicle tracking\source.cpp(581): warning C4244: 'argument': conversion from 'float' to 'int', possible loss of data
e:\3-24-2017\vehicle tracking w-intersection\vehicle tracking\source.cpp(582): warning C4244: 'argument': conversion from 'float' to 'int', possible loss of data
e:\3-24-2017\vehicle tracking w-intersection\vehicle tracking\source.cpp(613): warning C4244: '=': conversion from 'double' to 'int', possible loss of data
e:\3-24-2017\vehicle tracking w-intersection\vehicle tracking\source.cpp(641): warning C4244: 'argument': conversion from 'float' to 'int', possible loss of data
e:\3-24-2017\vehicle tracking w-intersection\vehicle tracking\source.cpp(642): warning C4244: 'argument': conversion from 'float' to 'int', possible loss of data
e:\3-24-2017\vehicle tracking w-intersection\vehicle tracking\source.cpp(643): warning C4244: 'argument': conversion from 'float' to 'int', possible loss of data
e:\3-24-2017\vehicle tracking w-intersection\vehicle tracking\source.cpp(644): warning C4244: 'argument': conversion from 'float' to 'int', possible loss of data
e:\3-24-2017\vehicle tracking w-intersection\vehicle tracking\source.cpp(742): warning C4267: '=': conversion from 'size_t' to 'int', possible loss of data
e:\3-24-2017\vehicle tracking w-intersection\vehicle tracking\source.cpp(743): warning C4267: '=': conversion from 'size_t' to 'int', possible loss of data
e:\3-24-2017\vehicle tracking w-intersection\vehicle tracking\source.cpp(799): warning C4244: 'argument': conversion from 'double' to 'int', possible loss of data
e:\3-24-2017\vehicle tracking w-intersection\vehicle tracking\source.cpp(1001): warning C4244: 'initializing': conversion from 'double' to 'int', possible loss of data
e:\3-24-2017\vehicle tracking w-intersection\vehicle tracking\source.cpp(1002): warning C4244: 'initializing': conversion from 'double' to 'int', possible loss of data
e:\3-24-2017\vehicle tracking w-intersection\vehicle tracking\source.cpp(1014): warning C4244: 'argument': conversion from 'int' to 'float', possible loss of data
e:\3-24-2017\vehicle tracking w-intersection\vehicle tracking\source.cpp(1015): warning C4244: 'argument': conversion from 'int' to 'float', possible loss of data
e:\3-24-2017\vehicle tracking w-intersection\vehicle tracking\source.cpp(1016): warning C4244: 'argument': conversion from 'int' to 'float', possible loss of data
e:\3-24-2017\vehicle tracking w-intersection\vehicle tracking\source.cpp(1176): warning C4101: 'i': unreferenced local variable
e:\3-24-2017\vehicle tracking w-intersection\vehicle tracking\source.cpp(1257): warning C4244: 'initializing': conversion from 'double' to 'int', possible loss of data
e:\3-24-2017\vehicle tracking w-intersection\vehicle tracking\source.cpp(1258): warning C4244: 'initializing': conversion from 'double' to 'int', possible loss of data
e:\3-24-2017\vehicle tracking w-intersection\vehicle tracking\source.cpp(1270): warning C4244: 'argument': conversion from 'int' to 'float', possible loss of data
e:\3-24-2017\vehicle tracking w-intersection\vehicle tracking\source.cpp(1271): warning C4244: 'argument': conversion from 'int' to 'float', possible loss of data
e:\3-24-2017\vehicle tracking w-intersection\vehicle tracking\source.cpp(1272): warning C4244: 'argument': conversion from 'int' to 'float', possible loss of data
e:\3-24-2017\vehicle tracking w-intersection\vehicle tracking\source.cpp(1334): warning C4101: 'y': unreferenced local variable
e:\3-24-2017\vehicle tracking w-intersection\vehicle tracking\source.cpp(1335): warning C4101: 'area': unreferenced local variable
e:\3-24-2017\vehicle tracking w-intersection\vehicle tracking\source.cpp(1463): warning C4101: 'area': unreferenced local variable
e:\3-24-2017\vehicle tracking w-intersection\vehicle tracking\source.cpp(1627): warning C4101: 'j': unreferenced local variable
e:\3-24-2017\vehicle tracking w-intersection\vehicle tracking\source.cpp(1627): warning C4101: 'i': unreferenced local variable
  Vehicle Tracking.vcxproj -> E:\3-24-2017\Vehicle Tracking w-intersection\x64\Debug\Vehicle Tracking Intersection.exe
  Vehicle Tracking.vcxproj -> E:\3-24-2017\Vehicle Tracking w-intersection\x64\Debug\Vehicle Tracking Intersection.pdb (Full PDB)
